This is pdfTeX, Version 3.14159265-2.6-1.40.16 (TeX Live 2015) (preloaded format=pdflatex 2015.5.24)  16 NOV 2015 18:17
entering extended mode
 restricted \write18 enabled.
 %&-line parsing enabled.
**Notes_D_dent_data_fitting
(./Notes_D_dent_data_fitting.tex
LaTeX2e <2015/01/01>
Babel <3.9l> and hyphenation patterns for 79 languages loaded.
(/usr/local/texlive/2015/texmf-dist/tex/latex/amscls/amsart.cls
Document Class: amsart 2015/03/04 v2.20.2
\linespacing=\dimen102
\normalparindent=\dimen103
\normaltopskip=\skip41
(/usr/local/texlive/2015/texmf-dist/tex/latex/amsmath/amsmath.sty
Package: amsmath 2013/01/14 v2.14 AMS math features
\@mathmargin=\skip42

For additional information on amsmath, use the `?' option.
(/usr/local/texlive/2015/texmf-dist/tex/latex/amsmath/amstext.sty
Package: amstext 2000/06/29 v2.01

(/usr/local/texlive/2015/texmf-dist/tex/latex/amsmath/amsgen.sty
File: amsgen.sty 1999/11/30 v2.0
\@emptytoks=\toks14
\ex@=\dimen104
))
(/usr/local/texlive/2015/texmf-dist/tex/latex/amsmath/amsbsy.sty
Package: amsbsy 1999/11/29 v1.2d
\pmbraise@=\dimen105
)
(/usr/local/texlive/2015/texmf-dist/tex/latex/amsmath/amsopn.sty
Package: amsopn 1999/12/14 v2.01 operator names
)
\inf@bad=\count79
LaTeX Info: Redefining \frac on input line 210.
\uproot@=\count80
\leftroot@=\count81
LaTeX Info: Redefining \overline on input line 306.
\classnum@=\count82
\DOTSCASE@=\count83
LaTeX Info: Redefining \ldots on input line 378.
LaTeX Info: Redefining \dots on input line 381.
LaTeX Info: Redefining \cdots on input line 466.
\Mathstrutbox@=\box26
\strutbox@=\box27
\big@size=\dimen106
LaTeX Font Info:    Redeclaring font encoding OML on input line 566.
LaTeX Font Info:    Redeclaring font encoding OMS on input line 567.
\macc@depth=\count84
\c@MaxMatrixCols=\count85
\dotsspace@=\muskip10
\c@parentequation=\count86
\dspbrk@lvl=\count87
\tag@help=\toks15
\row@=\count88
\column@=\count89
\maxfields@=\count90
\andhelp@=\toks16
\eqnshift@=\dimen107
\alignsep@=\dimen108
\tagshift@=\dimen109
\tagwidth@=\dimen110
\totwidth@=\dimen111
\lineht@=\dimen112
\@envbody=\toks17
\multlinegap=\skip43
\multlinetaggap=\skip44
\mathdisplay@stack=\toks18
LaTeX Info: Redefining \[ on input line 2665.
LaTeX Info: Redefining \] on input line 2666.
)
LaTeX Font Info:    Try loading font information for U+msa on input line 388.

(/usr/local/texlive/2015/texmf-dist/tex/latex/amsfonts/umsa.fd
File: umsa.fd 2013/01/14 v3.01 AMS symbols A
)
(/usr/local/texlive/2015/texmf-dist/tex/latex/amsfonts/amsfonts.sty
Package: amsfonts 2013/01/14 v3.01 Basic AMSFonts support
\symAMSa=\mathgroup4
\symAMSb=\mathgroup5
LaTeX Font Info:    Overwriting math alphabet `\mathfrak' in version `bold'
(Font)                  U/euf/m/n --> U/euf/b/n on input line 106.
)
\copyins=\insert233
\abstractbox=\box28
\listisep=\skip45
\c@part=\count91
\c@section=\count92
\c@subsection=\count93
\c@subsubsection=\count94
\c@paragraph=\count95
\c@subparagraph=\count96
\c@figure=\count97
\c@table=\count98
\abovecaptionskip=\skip46
\belowcaptionskip=\skip47
\captionindent=\dimen113
\thm@style=\toks19
\thm@bodyfont=\toks20
\thm@headfont=\toks21
\thm@notefont=\toks22
\thm@headpunct=\toks23
\thm@preskip=\skip48
\thm@postskip=\skip49
\thm@headsep=\skip50
\dth@everypar=\toks24
)
(/usr/local/texlive/2015/texmf-dist/tex/latex/graphics/graphicx.sty
Package: graphicx 2014/10/28 v1.0g Enhanced LaTeX Graphics (DPC,SPQR)

(/usr/local/texlive/2015/texmf-dist/tex/latex/graphics/keyval.sty
Package: keyval 2014/10/28 v1.15 key=value parser (DPC)
\KV@toks@=\toks25
)
(/usr/local/texlive/2015/texmf-dist/tex/latex/graphics/graphics.sty
Package: graphics 2014/10/28 v1.0p Standard LaTeX Graphics (DPC,SPQR)

(/usr/local/texlive/2015/texmf-dist/tex/latex/graphics/trig.sty
Package: trig 1999/03/16 v1.09 sin cos tan (DPC)
)
(/usr/local/texlive/2015/texmf-dist/tex/latex/latexconfig/graphics.cfg
File: graphics.cfg 2010/04/23 v1.9 graphics configuration of TeX Live
)
Package graphics Info: Driver file: pdftex.def on input line 94.

(/usr/local/texlive/2015/texmf-dist/tex/latex/pdftex-def/pdftex.def
File: pdftex.def 2011/05/27 v0.06d Graphics/color for pdfTeX

(/usr/local/texlive/2015/texmf-dist/tex/generic/oberdiek/infwarerr.sty
Package: infwarerr 2010/04/08 v1.3 Providing info/warning/error messages (HO)
)
(/usr/local/texlive/2015/texmf-dist/tex/generic/oberdiek/ltxcmds.sty
Package: ltxcmds 2011/11/09 v1.22 LaTeX kernel commands for general use (HO)
)
\Gread@gobject=\count99
))
\Gin@req@height=\dimen114
\Gin@req@width=\dimen115
)
(/usr/local/texlive/2015/texmf-dist/tex/latex/graphics/color.sty
Package: color 2014/10/28 v1.1a Standard LaTeX Color (DPC)

(/usr/local/texlive/2015/texmf-dist/tex/latex/latexconfig/color.cfg
File: color.cfg 2007/01/18 v1.5 color configuration of teTeX/TeXLive
)
Package color Info: Driver file: pdftex.def on input line 142.
)
(/usr/local/texlive/2015/texmf-dist/tex/latex/framed/framed.sty
Package: framed 2011/10/22 v 0.96: framed or shaded text with page breaks
\OuterFrameSep=\skip51
\fb@frw=\dimen116
\fb@frh=\dimen117
\FrameRule=\dimen118
\FrameSep=\dimen119
)
(/usr/local/texlive/2015/texmf-dist/tex/latex/base/alltt.sty
Package: alltt 1997/06/16 v2.0g defines alltt environment
)
(/usr/local/texlive/2015/texmf-dist/tex/latex/natbib/natbib.sty
Package: natbib 2010/09/13 8.31b (PWD, AO)
\bibhang=\skip52
\bibsep=\skip53
LaTeX Info: Redefining \cite on input line 694.
\c@NAT@ctr=\count100
)
(/usr/local/texlive/2015/texmf-dist/tex/latex/psnfss/times.sty
Package: times 2005/04/12 PSNFSS-v9.2a (SPQR) 
)
(/usr/local/texlive/2015/texmf-dist/tex/latex/rotating/rotating.sty
Package: rotating 2009/03/28 v2.16a rotated objects in LaTeX

(/usr/local/texlive/2015/texmf-dist/tex/latex/base/ifthen.sty
Package: ifthen 2014/09/29 v1.1c Standard LaTeX ifthen package (DPC)
)
\c@r@tfl@t=\count101
\rotFPtop=\skip54
\rotFPbot=\skip55
\rot@float@box=\box29
\rot@mess@toks=\toks26
)
(/usr/local/texlive/2015/texmf-dist/tex/latex/subfig/subfig.sty
Package: subfig 2005/06/28 ver: 1.3 subfig package

(/usr/local/texlive/2015/texmf-dist/tex/latex/caption/caption.sty
Package: caption 2013/05/02 v3.3-89 Customizing captions (AR)

(/usr/local/texlive/2015/texmf-dist/tex/latex/caption/caption3.sty
Package: caption3 2013/05/02 v1.6-88 caption3 kernel (AR)
Package caption3 Info: TeX engine: e-TeX on input line 57.
\captionmargin=\dimen120
\captionmargin@=\dimen121
\captionwidth=\dimen122
\caption@tempdima=\dimen123
\caption@indent=\dimen124
\caption@parindent=\dimen125
\caption@hangindent=\dimen126
)
Package caption Info: AMS or SMF document class.
\c@ContinuedFloat=\count102
Package caption Info: rotating package is loaded.
)
\c@KVtest=\count103
\sf@farskip=\skip56
\sf@captopadj=\dimen127
\sf@capskip=\skip57
\sf@nearskip=\skip58
\c@subfigure=\count104
\c@subfigure@save=\count105
\c@lofdepth=\count106
\c@subtable=\count107
\c@subtable@save=\count108
\c@lotdepth=\count109
\sf@top=\skip59
\sf@bottom=\skip60
)
(/usr/local/texlive/2015/texmf-dist/tex/latex/cleveref/cleveref.sty
Package: cleveref 2013/12/28 v0.19 Intelligent cross-referencing
Package cleveref Info: `amsthm' support loaded on input line 2858.
Package cleveref Info: `subfig' support loaded on input line 2983.
Package cleveref Info: sorting and compressing references on input line 7493.
)
\c@thm=\count110
\c@remark=\count111

(/usr/local/texlive/2015/texmf-dist/tex/latex/upquote/upquote.sty
Package: upquote 2012/04/19 v1.3 upright-quote and grave-accent glyphs in verba
tim

(/usr/local/texlive/2015/texmf-dist/tex/latex/base/textcomp.sty
Package: textcomp 2005/09/27 v1.99g Standard LaTeX package
Package textcomp Info: Sub-encoding information:
(textcomp)               5 = only ISO-Adobe without \textcurrency
(textcomp)               4 = 5 + \texteuro
(textcomp)               3 = 4 + \textohm
(textcomp)               2 = 3 + \textestimated + \textcurrency
(textcomp)               1 = TS1 - \textcircled - \t
(textcomp)               0 = TS1 (full)
(textcomp)             Font families with sub-encoding setting implement
(textcomp)             only a restricted character set as indicated.
(textcomp)             Family '?' is the default used for unknown fonts.
(textcomp)             See the documentation for details.
Package textcomp Info: Setting ? sub-encoding to TS1/1 on input line 79.

(/usr/local/texlive/2015/texmf-dist/tex/latex/base/ts1enc.def
File: ts1enc.def 2001/06/05 v3.0e (jk/car/fm) Standard LaTeX file
)
LaTeX Info: Redefining \oldstylenums on input line 334.
Package textcomp Info: Setting cmr sub-encoding to TS1/0 on input line 349.
Package textcomp Info: Setting cmss sub-encoding to TS1/0 on input line 350.
Package textcomp Info: Setting cmtt sub-encoding to TS1/0 on input line 351.
Package textcomp Info: Setting cmvtt sub-encoding to TS1/0 on input line 352.
Package textcomp Info: Setting cmbr sub-encoding to TS1/0 on input line 353.
Package textcomp Info: Setting cmtl sub-encoding to TS1/0 on input line 354.
Package textcomp Info: Setting ccr sub-encoding to TS1/0 on input line 355.
Package textcomp Info: Setting ptm sub-encoding to TS1/4 on input line 356.
Package textcomp Info: Setting pcr sub-encoding to TS1/4 on input line 357.
Package textcomp Info: Setting phv sub-encoding to TS1/4 on input line 358.
Package textcomp Info: Setting ppl sub-encoding to TS1/3 on input line 359.
Package textcomp Info: Setting pag sub-encoding to TS1/4 on input line 360.
Package textcomp Info: Setting pbk sub-encoding to TS1/4 on input line 361.
Package textcomp Info: Setting pnc sub-encoding to TS1/4 on input line 362.
Package textcomp Info: Setting pzc sub-encoding to TS1/4 on input line 363.
Package textcomp Info: Setting bch sub-encoding to TS1/4 on input line 364.
Package textcomp Info: Setting put sub-encoding to TS1/5 on input line 365.
Package textcomp Info: Setting uag sub-encoding to TS1/5 on input line 366.
Package textcomp Info: Setting ugq sub-encoding to TS1/5 on input line 367.
Package textcomp Info: Setting ul8 sub-encoding to TS1/4 on input line 368.
Package textcomp Info: Setting ul9 sub-encoding to TS1/4 on input line 369.
Package textcomp Info: Setting augie sub-encoding to TS1/5 on input line 370.
Package textcomp Info: Setting dayrom sub-encoding to TS1/3 on input line 371.
Package textcomp Info: Setting dayroms sub-encoding to TS1/3 on input line 372.

Package textcomp Info: Setting pxr sub-encoding to TS1/0 on input line 373.
Package textcomp Info: Setting pxss sub-encoding to TS1/0 on input line 374.
Package textcomp Info: Setting pxtt sub-encoding to TS1/0 on input line 375.
Package textcomp Info: Setting txr sub-encoding to TS1/0 on input line 376.
Package textcomp Info: Setting txss sub-encoding to TS1/0 on input line 377.
Package textcomp Info: Setting txtt sub-encoding to TS1/0 on input line 378.
Package textcomp Info: Setting lmr sub-encoding to TS1/0 on input line 379.
Package textcomp Info: Setting lmdh sub-encoding to TS1/0 on input line 380.
Package textcomp Info: Setting lmss sub-encoding to TS1/0 on input line 381.
Package textcomp Info: Setting lmssq sub-encoding to TS1/0 on input line 382.
Package textcomp Info: Setting lmvtt sub-encoding to TS1/0 on input line 383.
Package textcomp Info: Setting lmtt sub-encoding to TS1/0 on input line 384.
Package textcomp Info: Setting qhv sub-encoding to TS1/0 on input line 385.
Package textcomp Info: Setting qag sub-encoding to TS1/0 on input line 386.
Package textcomp Info: Setting qbk sub-encoding to TS1/0 on input line 387.
Package textcomp Info: Setting qcr sub-encoding to TS1/0 on input line 388.
Package textcomp Info: Setting qcs sub-encoding to TS1/0 on input line 389.
Package textcomp Info: Setting qpl sub-encoding to TS1/0 on input line 390.
Package textcomp Info: Setting qtm sub-encoding to TS1/0 on input line 391.
Package textcomp Info: Setting qzc sub-encoding to TS1/0 on input line 392.
Package textcomp Info: Setting qhvc sub-encoding to TS1/0 on input line 393.
Package textcomp Info: Setting futs sub-encoding to TS1/4 on input line 394.
Package textcomp Info: Setting futx sub-encoding to TS1/4 on input line 395.
Package textcomp Info: Setting futj sub-encoding to TS1/4 on input line 396.
Package textcomp Info: Setting hlh sub-encoding to TS1/3 on input line 397.
Package textcomp Info: Setting hls sub-encoding to TS1/3 on input line 398.
Package textcomp Info: Setting hlst sub-encoding to TS1/3 on input line 399.
Package textcomp Info: Setting hlct sub-encoding to TS1/5 on input line 400.
Package textcomp Info: Setting hlx sub-encoding to TS1/5 on input line 401.
Package textcomp Info: Setting hlce sub-encoding to TS1/5 on input line 402.
Package textcomp Info: Setting hlcn sub-encoding to TS1/5 on input line 403.
Package textcomp Info: Setting hlcw sub-encoding to TS1/5 on input line 404.
Package textcomp Info: Setting hlcf sub-encoding to TS1/5 on input line 405.
Package textcomp Info: Setting pplx sub-encoding to TS1/3 on input line 406.
Package textcomp Info: Setting pplj sub-encoding to TS1/3 on input line 407.
Package textcomp Info: Setting ptmx sub-encoding to TS1/4 on input line 408.
Package textcomp Info: Setting ptmj sub-encoding to TS1/4 on input line 409.
))
(./Notes_D_dent_data_fitting.aux)
\openout1 = `Notes_D_dent_data_fitting.aux'.

LaTeX Font Info:    Checking defaults for OML/cmm/m/it on input line 117.
LaTeX Font Info:    ... okay on input line 117.
LaTeX Font Info:    Checking defaults for T1/cmr/m/n on input line 117.
LaTeX Font Info:    ... okay on input line 117.
LaTeX Font Info:    Checking defaults for OT1/cmr/m/n on input line 117.
LaTeX Font Info:    ... okay on input line 117.
LaTeX Font Info:    Checking defaults for OMS/cmsy/m/n on input line 117.
LaTeX Font Info:    ... okay on input line 117.
LaTeX Font Info:    Checking defaults for OMX/cmex/m/n on input line 117.
LaTeX Font Info:    ... okay on input line 117.
LaTeX Font Info:    Checking defaults for U/cmr/m/n on input line 117.
LaTeX Font Info:    ... okay on input line 117.
LaTeX Font Info:    Checking defaults for TS1/cmr/m/n on input line 117.
LaTeX Font Info:    Try loading font information for TS1+cmr on input line 117.


(/usr/local/texlive/2015/texmf-dist/tex/latex/base/ts1cmr.fd
File: ts1cmr.fd 2014/09/29 v2.5h Standard LaTeX font definitions
)
LaTeX Font Info:    ... okay on input line 117.
LaTeX Font Info:    Try loading font information for OT1+ptm on input line 117.


(/usr/local/texlive/2015/texmf-dist/tex/latex/psnfss/ot1ptm.fd
File: ot1ptm.fd 2001/06/04 font definitions for OT1/ptm.
)
LaTeX Font Info:    Try loading font information for U+msa on input line 117.

(/usr/local/texlive/2015/texmf-dist/tex/latex/amsfonts/umsa.fd
File: umsa.fd 2013/01/14 v3.01 AMS symbols A
)
LaTeX Font Info:    Try loading font information for U+msb on input line 117.

(/usr/local/texlive/2015/texmf-dist/tex/latex/amsfonts/umsb.fd
File: umsb.fd 2013/01/14 v3.01 AMS symbols B
)
(/usr/local/texlive/2015/texmf-dist/tex/context/base/supp-pdf.mkii
[Loading MPS to PDF converter (version 2006.09.02).]
\scratchcounter=\count112
\scratchdimen=\dimen128
\scratchbox=\box30
\nofMPsegments=\count113
\nofMParguments=\count114
\everyMPshowfont=\toks27
\MPscratchCnt=\count115
\MPscratchDim=\dimen129
\MPnumerator=\count116
\makeMPintoPDFobject=\count117
\everyMPtoPDFconversion=\toks28
) (/usr/local/texlive/2015/texmf-dist/tex/generic/oberdiek/pdftexcmds.sty
Package: pdftexcmds 2011/11/29 v0.20 Utility functions of pdfTeX for LuaTeX (HO
)

(/usr/local/texlive/2015/texmf-dist/tex/generic/oberdiek/ifluatex.sty
Package: ifluatex 2010/03/01 v1.3 Provides the ifluatex switch (HO)
Package ifluatex Info: LuaTeX not detected.
)
(/usr/local/texlive/2015/texmf-dist/tex/generic/oberdiek/ifpdf.sty
Package: ifpdf 2011/01/30 v2.3 Provides the ifpdf switch (HO)
Package ifpdf Info: pdfTeX in PDF mode is detected.
)
Package pdftexcmds Info: LuaTeX not detected.
Package pdftexcmds Info: \pdf@primitive is available.
Package pdftexcmds Info: \pdf@ifprimitive is available.
Package pdftexcmds Info: \pdfdraftmode found.
)
(/usr/local/texlive/2015/texmf-dist/tex/latex/oberdiek/epstopdf-base.sty
Package: epstopdf-base 2010/02/09 v2.5 Base part for package epstopdf

(/usr/local/texlive/2015/texmf-dist/tex/latex/oberdiek/grfext.sty
Package: grfext 2010/08/19 v1.1 Manage graphics extensions (HO)

(/usr/local/texlive/2015/texmf-dist/tex/generic/oberdiek/kvdefinekeys.sty
Package: kvdefinekeys 2011/04/07 v1.3 Define keys (HO)
))
(/usr/local/texlive/2015/texmf-dist/tex/latex/oberdiek/kvoptions.sty
Package: kvoptions 2011/06/30 v3.11 Key value format for package options (HO)

(/usr/local/texlive/2015/texmf-dist/tex/generic/oberdiek/kvsetkeys.sty
Package: kvsetkeys 2012/04/25 v1.16 Key value parser (HO)

(/usr/local/texlive/2015/texmf-dist/tex/generic/oberdiek/etexcmds.sty
Package: etexcmds 2011/02/16 v1.5 Avoid name clashes with e-TeX commands (HO)
Package etexcmds Info: Could not find \expanded.
(etexcmds)             That can mean that you are not using pdfTeX 1.50 or
(etexcmds)             that some package has redefined \expanded.
(etexcmds)             In the latter case, load this package earlier.
)))
Package grfext Info: Graphics extension search list:
(grfext)             [.png,.pdf,.jpg,.mps,.jpeg,.jbig2,.jb2,.PNG,.PDF,.JPG,.JPE
G,.JBIG2,.JB2,.eps]
(grfext)             \AppendGraphicsExtensions on input line 452.

(/usr/local/texlive/2015/texmf-dist/tex/latex/latexconfig/epstopdf-sys.cfg
File: epstopdf-sys.cfg 2010/07/13 v1.3 Configuration of (r)epstopdf for TeX Liv
e
))
Package caption Info: Begin \AtBeginDocument code.
Package caption Info: subfig package v1.3 is loaded.
Package caption Info: End \AtBeginDocument code.

[1{/usr/local/texlive/2015/texmf-var/fonts/map/pdftex/updmap/pdftex.map}]
Overfull \hbox (3.58415pt too wide) in paragraph at lines 158--159
\OT1/ptm/m/n/12 cles?), the cauliflower stages be-come ``dor-mant'' - they re-m
ain vis-i-ble in the hemolymph,
 []


Overfull \hbox (16.80847pt too wide) in paragraph at lines 163--169
[]\OT1/ptm/m/n/12 Note that this hy-poth-e-sis sug-gests that the to-tal par-a-
site bur-den (cauliflower + pre-transmission
 []

[2] [3]
LaTeX Font Info:    Font shape `OT1/ptm/bx/n' in size <12> not available
(Font)              Font shape `OT1/ptm/b/n' tried instead on input line 220.

Underfull \vbox (badness 1694) has occurred while \output is active []

 [4]
Package color Info: Redefining color shadecolor on input line 256.

<figure/hist2-1.png, id=25, 1053.9375pt x 1053.9375pt>
File: figure/hist2-1.png Graphic file (type png)

<use figure/hist2-1.png>
Package pdftex.def Info: figure/hist2-1.png used on input line 258.
(pdftex.def)             Requested size: 451.6875pt x 451.68869pt.
Package color Info: Redefining color shadecolor on input line 276.

Underfull \vbox (badness 1406) has occurred while \output is active []

 [5]
LaTeX Font Info:    Try loading font information for OT1+pcr on input line 277.


(/usr/local/texlive/2015/texmf-dist/tex/latex/psnfss/ot1pcr.fd
File: ot1pcr.fd 2001/06/04 font definitions for OT1/pcr.
)
LaTeX Font Info:    Font shape `OT1/pcr/bx/n' in size <9> not available
(Font)              Font shape `OT1/pcr/b/n' tried instead on input line 278.
 [6 <./figure/hist2-1.png>]
Package color Info: Redefining color shadecolor on input line 307.
 <figure/forty-1.png, id=36, 1053.9375pt x 1053.9375pt>
File: figure/forty-1.png Graphic file (type png)

<use figure/forty-1.png>
Package pdftex.def Info: figure/forty-1.png used on input line 309.
(pdftex.def)             Requested size: 451.6875pt x 451.68869pt.
Package color Info: Redefining color shadecolor on input line 323.

<figure/aiccomp-1.png, id=37, 1129.21875pt x 376.40625pt>
File: figure/aiccomp-1.png Graphic file (type png)

<use figure/aiccomp-1.png>
Package pdftex.def Info: figure/aiccomp-1.png used on input line 325.
(pdftex.def)             Requested size: 451.6875pt x 150.56557pt.
 [7] [8 <./figure/forty-1.png>] [9 <./figure/aiccomp-1.png>] [10

]
Package color Info: Redefining color shadecolor on input line 381.
 <figure/growth-reprod-1-1.png, id=54, 602.25pt x 602.25pt>
File: figure/growth-reprod-1-1.png Graphic file (type png)

<use figure/growth-reprod-1-1.png>
Package pdftex.def Info: figure/growth-reprod-1-1.png used on input line 383.
(pdftex.def)             Requested size: 451.6875pt x 451.70476pt.
Package color Info: Redefining color shadecolor on input line 397.

<figure/profile-v-1.png, id=55, 376.40625pt x 376.40625pt>
File: figure/profile-v-1.png Graphic file (type png)

<use figure/profile-v-1.png>
Package pdftex.def Info: figure/profile-v-1.png used on input line 399.
(pdftex.def)             Requested size: 271.01524pt x 271.03526pt.
Package color Info: Redefining color shadecolor on input line 418.

<figure/growth-reprod-2-1.png, id=56, 903.375pt x 526.96875pt>
File: figure/growth-reprod-2-1.png Graphic file (type png)

<use figure/growth-reprod-2-1.png>
Package pdftex.def Info: figure/growth-reprod-2-1.png used on input line 420.
(pdftex.def)             Requested size: 451.6875pt x 263.49176pt.
Package color Info: Redefining color shadecolor on input line 432.

<figure/growth-reprod-3-1.png, id=57, 903.375pt x 526.96875pt>
File: figure/growth-reprod-3-1.png Graphic file (type png)

<use figure/growth-reprod-3-1.png>
Package pdftex.def Info: figure/growth-reprod-3-1.png used on input line 434.
(pdftex.def)             Requested size: 451.6875pt x 263.49176pt.
Package color Info: Redefining color shadecolor on input line 446.

<figure/v-lik-peak-1.png, id=58, 376.40625pt x 376.40625pt>
File: figure/v-lik-peak-1.png Graphic file (type png)

<use figure/v-lik-peak-1.png>
Package pdftex.def Info: figure/v-lik-peak-1.png used on input line 448.
(pdftex.def)             Requested size: 271.01524pt x 271.03526pt.

Underfull \vbox (badness 10000) has occurred while \output is active []

 [11]
[12 <./figure/growth-reprod-1-1.png>] [13 <./figure/profile-v-1.png>] [14 <./fi
gure/growth-reprod-2-1.png>] [15 <./figure/growth-reprod-3-1.png> <./figure/v-l
ik-peak-1.png>] [16

]
Package color Info: Redefining color shadecolor on input line 518.
 <figure/feeding-1.png, id=83, 602.25pt x 1053.9375pt>
File: figure/feeding-1.png Graphic file (type png)

<use figure/feeding-1.png>
Package pdftex.def Info: figure/feeding-1.png used on input line 520.
(pdftex.def)             Requested size: 361.35136pt x 632.38347pt.


LaTeX Warning: Float too large for page by 40.02098pt on input line 523.

Package color Info: Redefining color shadecolor on input line 537.
<figure/inf-feeding-1.png, id=84, 602.25pt x 1053.9375pt>
File: figure/inf-feeding-1.png Graphic file (type png)

<use figure/inf-feeding-1.png>
Package pdftex.def Info: figure/inf-feeding-1.png used on input line 539.
(pdftex.def)             Requested size: 361.35136pt x 632.38347pt.


LaTeX Warning: Float too large for page by 54.02098pt on input line 542.

Package color Info: Redefining color shadecolor on input line 551.
<figure/Imax-comp-1.png, id=85, 602.25pt x 376.40625pt>
File: figure/Imax-comp-1.png Graphic file (type png)

<use figure/Imax-comp-1.png>
Package pdftex.def Info: figure/Imax-comp-1.png used on input line 553.
(pdftex.def)             Requested size: 316.17987pt x 197.62198pt.
 [17] [18 <./figure/feeding-1.png>] [19 <./figure/inf-feeding-1.png>]
Package color Info: Redefining color shadecolor on input line 584.

<figure/spore-dep-feeding-1.png, id=98, 602.25pt x 1053.9375pt>
File: figure/spore-dep-feeding-1.png Graphic file (type png)

<use figure/spore-dep-feeding-1.png>
Package pdftex.def Info: figure/spore-dep-feeding-1.png used on input line 586.

(pdftex.def)             Requested size: 361.35136pt x 632.38347pt.


LaTeX Warning: Float too large for page by 68.02098pt on input line 589.

Package color Info: Redefining color shadecolor on input line 603.
<figure/spore-dep-feeding-2-1.png, id=99, 602.25pt x 1053.9375pt>
File: figure/spore-dep-feeding-2-1.png Graphic file (type png)

<use figure/spore-dep-feeding-2-1.png>
Package pdftex.def Info: figure/spore-dep-feeding-2-1.png used on input line 60
5.
(pdftex.def)             Requested size: 361.35136pt x 632.38347pt.


LaTeX Warning: Float too large for page by 68.02098pt on input line 608.

[20 <./figure/Imax-comp-1.png>] [21 <./figure/spore-dep-feeding-1.png>]
[22 <./figure/spore-dep-feeding-2-1.png>]
Package color Info: Redefining color shadecolor on input line 631.

<figure/clearance-thru-time-1.png, id=112, 903.375pt x 602.25pt>
File: figure/clearance-thru-time-1.png Graphic file (type png)

<use figure/clearance-thru-time-1.png>
Package pdftex.def Info: figure/clearance-thru-time-1.png used on input line 63
3.
(pdftex.def)             Requested size: 451.6875pt x 301.13344pt.
 [23]
Package color Info: Redefining color shadecolor on input line 660.

<figure/Clay-vs-Spencer-1.png, id=116, 451.6875pt x 752.8125pt>
File: figure/Clay-vs-Spencer-1.png Graphic file (type png)

<use figure/Clay-vs-Spencer-1.png>
Package pdftex.def Info: figure/Clay-vs-Spencer-1.png used on input line 662.
(pdftex.def)             Requested size: 271.01524pt x 451.71396pt.
 [24 <./figure/clearance-thru-time-1.png>]
[25 <./figure/Clay-vs-Spencer-1.png>]
Package color Info: Redefining color shadecolor on input line 694.

<figure/dyn-food-hist-1.png, id=126, 903.375pt x 602.25pt>
File: figure/dyn-food-hist-1.png Graphic file (type png)

<use figure/dyn-food-hist-1.png>
Package pdftex.def Info: figure/dyn-food-hist-1.png used on input line 696.
(pdftex.def)             Requested size: 451.6875pt x 301.13344pt.
Package color Info: Redefining color shadecolor on input line 707.

<figure/dyn-food-prof-lik-v-1.png, id=127, 903.375pt x 526.96875pt>
File: figure/dyn-food-prof-lik-v-1.png Graphic file (type png)

<use figure/dyn-food-prof-lik-v-1.png>
Package pdftex.def Info: figure/dyn-food-prof-lik-v-1.png used on input line 70
9.
(pdftex.def)             Requested size: 451.6875pt x 263.49176pt.
 [26

]
Package color Info: Redefining color shadecolor on input line 726.

<figure/dyn-food-pairwise-1.png, id=131, 752.8125pt x 752.8125pt>
File: figure/dyn-food-pairwise-1.png Graphic file (type png)

<use figure/dyn-food-pairwise-1.png>
Package pdftex.def Info: figure/dyn-food-pairwise-1.png used on input line 728.

(pdftex.def)             Requested size: 451.6875pt x 451.70247pt.
Package color Info: Redefining color shadecolor on input line 742.

<figure/dyn-food-fh-est-profile-v-1.png, id=132, 903.375pt x 526.96875pt>
File: figure/dyn-food-fh-est-profile-v-1.png Graphic file (type png)

<use figure/dyn-food-fh-est-profile-v-1.png>
Package pdftex.def Info: figure/dyn-food-fh-est-profile-v-1.png used on input l
ine 744.
(pdftex.def)             Requested size: 451.6875pt x 263.49176pt.
 [27 <./figure/dyn-food-hist-1.png>]
Package color Info: Redefining color shadecolor on input line 762.
 <figure/estimating-rho-1.png, id=137, 752.8125pt x 752.8125pt>
File: figure/estimating-rho-1.png Graphic file (type png)

<use figure/estimating-rho-1.png>
Package pdftex.def Info: figure/estimating-rho-1.png used on input line 764.
(pdftex.def)             Requested size: 451.6875pt x 451.70247pt.
Package color Info: Redefining color shadecolor on input line 779.

<figure/rho-profile-1.png, id=138, 903.375pt x 526.96875pt>
File: figure/rho-profile-1.png Graphic file (type png)

<use figure/rho-profile-1.png>
Package pdftex.def Info: figure/rho-profile-1.png used on input line 781.
(pdftex.def)             Requested size: 451.6875pt x 263.49176pt.
Package color Info: Redefining color shadecolor on input line 797.

<figure/est-rho-fix-ER-1.png, id=139, 752.8125pt x 752.8125pt>
File: figure/est-rho-fix-ER-1.png Graphic file (type png)

<use figure/est-rho-fix-ER-1.png>
Package pdftex.def Info: figure/est-rho-fix-ER-1.png used on input line 799.
(pdftex.def)             Requested size: 451.6875pt x 451.70247pt.
Package color Info: Redefining color shadecolor on input line 811.

<figure/profile-lik-v-estimating-rho-1.png, id=140, 903.375pt x 526.96875pt>
File: figure/profile-lik-v-estimating-rho-1.png Graphic file (type png)

<use figure/profile-lik-v-estimating-rho-1.png>
Package pdftex.def Info: figure/profile-lik-v-estimating-rho-1.png used on inpu
t line 813.
(pdftex.def)             Requested size: 451.6875pt x 263.49176pt.

Underfull \vbox (badness 3364) has occurred while \output is active []

 [28 <./figure/dyn-food-prof-lik-v-1.png>] [29 <./figure/dyn-food-pairwise-1.pn
g>]
Package color Info: Redefining color shadecolor on input line 831.

<figure/sim-datasets-1.png, id=149, 903.375pt x 526.96875pt>
File: figure/sim-datasets-1.png Graphic file (type png)

<use figure/sim-datasets-1.png>
Package pdftex.def Info: figure/sim-datasets-1.png used on input line 833.
(pdftex.def)             Requested size: 451.6875pt x 263.49176pt.
Package color Info: Redefining color shadecolor on input line 852.

<figure/mult-datasets-fitting-1.png, id=150, 903.375pt x 526.96875pt>
File: figure/mult-datasets-fitting-1.png Graphic file (type png)

<use figure/mult-datasets-fitting-1.png>
Package pdftex.def Info: figure/mult-datasets-fitting-1.png used on input line 
854.
(pdftex.def)             Requested size: 451.6875pt x 263.49176pt.
 [30 <./figure/dyn-food-fh-est-profile-v-1.png>] [31 <./figure/estimating-rho-1
.png>] [32 <./figure/rho-profile-1.png>] [33 <./figure/est-rho-fix-ER-1.png>] [
34 <./figure/profile-lik-v-estimating-rho-1.png>] [35 <./figure/sim-datasets-1.
png>] [36 <./figure/mult-datasets-fitting-1.png>]
Package color Info: Redefining color shadecolor on input line 865.
 <figure/unnamed-chunk-4-1.png, id=180, 1129.21875pt x 376.40625pt>
File: figure/unnamed-chunk-4-1.png Graphic file (type png)

<use figure/unnamed-chunk-4-1.png>
Package pdftex.def Info: figure/unnamed-chunk-4-1.png used on input line 867.
(pdftex.def)             Requested size: 451.6875pt x 150.56557pt.

Overfull \hbox (21.68121pt too wide) in paragraph at lines 867--868
[][]
 []


Underfull \hbox (badness 10000) in paragraph at lines 867--868

 []

<figure/unnamed-chunk-4-2.png, id=181, 1129.21875pt x 376.40625pt>
File: figure/unnamed-chunk-4-2.png Graphic file (type png)

<use figure/unnamed-chunk-4-2.png>
Package pdftex.def Info: figure/unnamed-chunk-4-2.png used on input line 872.
(pdftex.def)             Requested size: 451.6875pt x 150.56557pt.

Overfull \hbox (21.68121pt too wide) in paragraph at lines 872--873
[][]
 []


Underfull \hbox (badness 10000) in paragraph at lines 872--873

 []

<figure/unnamed-chunk-4-3.png, id=182, 1129.21875pt x 376.40625pt>
File: figure/unnamed-chunk-4-3.png Graphic file (type png)

<use figure/unnamed-chunk-4-3.png>
Package pdftex.def Info: figure/unnamed-chunk-4-3.png used on input line 877.
(pdftex.def)             Requested size: 451.6875pt x 150.56557pt.

Overfull \hbox (21.68121pt too wide) in paragraph at lines 877--878
[][]
 []


Underfull \hbox (badness 10000) in paragraph at lines 877--878

 []

<figure/unnamed-chunk-4-4.png, id=183, 1129.21875pt x 376.40625pt>
File: figure/unnamed-chunk-4-4.png Graphic file (type png)

<use figure/unnamed-chunk-4-4.png>
Package pdftex.def Info: figure/unnamed-chunk-4-4.png used on input line 882.
(pdftex.def)             Requested size: 451.6875pt x 150.56557pt.

Overfull \hbox (21.68121pt too wide) in paragraph at lines 882--883
[][]
 []


Underfull \hbox (badness 10000) in paragraph at lines 882--883

 []

<figure/unnamed-chunk-4-5.png, id=184, 1129.21875pt x 376.40625pt>
Underfull \vbox (badness 10000) has occurred while \output is active []

 [37

 <./figure/unnamed-chunk-4-1.png> <./figure/unnamed-chunk-4-2.png> <./figure/un
named-chunk-4-3.png>]
File: figure/unnamed-chunk-4-5.png Graphic file (type png)
 <use figure/unnamed-chunk-4-5.png>
Package pdftex.def Info: figure/unnamed-chunk-4-5.png used on input line 887.
(pdftex.def)             Requested size: 451.6875pt x 150.56557pt.

Overfull \hbox (21.68121pt too wide) in paragraph at lines 887--888
[][]
 []


Underfull \hbox (badness 10000) in paragraph at lines 887--888

 []

<figure/unnamed-chunk-4-6.png, id=192, 1129.21875pt x 376.40625pt>
File: figure/unnamed-chunk-4-6.png Graphic file (type png)

<use figure/unnamed-chunk-4-6.png>
Package pdftex.def Info: figure/unnamed-chunk-4-6.png used on input line 892.
(pdftex.def)             Requested size: 451.6875pt x 150.56557pt.

Overfull \hbox (21.68121pt too wide) in paragraph at lines 892--893
[][]
 []


Underfull \hbox (badness 10000) in paragraph at lines 892--893

 []

<figure/unnamed-chunk-4-7.png, id=193, 1129.21875pt x 376.40625pt>
File: figure/unnamed-chunk-4-7.png Graphic file (type png)

<use figure/unnamed-chunk-4-7.png>
Package pdftex.def Info: figure/unnamed-chunk-4-7.png used on input line 897.
(pdftex.def)             Requested size: 451.6875pt x 150.56557pt.

Overfull \hbox (21.68121pt too wide) in paragraph at lines 897--898
[][]
 []


Underfull \hbox (badness 10000) in paragraph at lines 897--898

 []

<figure/unnamed-chunk-4-8.png, id=194, 1129.21875pt x 376.40625pt>
Underfull \vbox (badness 10000) has occurred while \output is active []

 [38 <./figure/unnamed-chunk-4-4.png> <./figure/unnamed-chunk-4-5.png> <./figur
e/unnamed-chunk-4-6.png>]
File: figure/unnamed-chunk-4-8.png Graphic file (type png)
 <use figure/unnamed-chunk-4-8.png>
Package pdftex.def Info: figure/unnamed-chunk-4-8.png used on input line 902.
(pdftex.def)             Requested size: 451.6875pt x 150.56557pt.

Overfull \hbox (21.68121pt too wide) in paragraph at lines 902--903
[][]
 []


Underfull \hbox (badness 10000) in paragraph at lines 902--903

 []

<figure/unnamed-chunk-4-9.png, id=201, 1129.21875pt x 376.40625pt>
File: figure/unnamed-chunk-4-9.png Graphic file (type png)

<use figure/unnamed-chunk-4-9.png>
Package pdftex.def Info: figure/unnamed-chunk-4-9.png used on input line 907.
(pdftex.def)             Requested size: 451.6875pt x 150.56557pt.

Overfull \hbox (21.68121pt too wide) in paragraph at lines 907--908
[][]
 []


Underfull \hbox (badness 10000) in paragraph at lines 907--908

 []

<figure/unnamed-chunk-4-10.png, id=202, 1129.21875pt x 376.40625pt>
File: figure/unnamed-chunk-4-10.png Graphic file (type png)

<use figure/unnamed-chunk-4-10.png>
Package pdftex.def Info: figure/unnamed-chunk-4-10.png used on input line 912.
(pdftex.def)             Requested size: 451.6875pt x 150.56557pt.

Overfull \hbox (21.68121pt too wide) in paragraph at lines 912--913
[][]
 []


Underfull \hbox (badness 10000) in paragraph at lines 912--913

 []

<figure/unnamed-chunk-4-11.png, id=203, 1129.21875pt x 376.40625pt>
Underfull \vbox (badness 10000) has occurred while \output is active []

 [39 <./figure/unnamed-chunk-4-7.png> <./figure/unnamed-chunk-4-8.png> <./figur
e/unnamed-chunk-4-9.png>]
File: figure/unnamed-chunk-4-11.png Graphic file (type png)
 <use figure/unnamed-chunk-4-11.png>
Package pdftex.def Info: figure/unnamed-chunk-4-11.png used on input line 917.
(pdftex.def)             Requested size: 451.6875pt x 150.56557pt.

Overfull \hbox (21.68121pt too wide) in paragraph at lines 917--918
[][]
 []


Underfull \hbox (badness 10000) in paragraph at lines 917--918

 []

<figure/unnamed-chunk-4-12.png, id=210, 1129.21875pt x 376.40625pt>
File: figure/unnamed-chunk-4-12.png Graphic file (type png)

<use figure/unnamed-chunk-4-12.png>
Package pdftex.def Info: figure/unnamed-chunk-4-12.png used on input line 922.
(pdftex.def)             Requested size: 451.6875pt x 150.56557pt.

Overfull \hbox (21.68121pt too wide) in paragraph at lines 922--923
[][]
 []


Underfull \hbox (badness 10000) in paragraph at lines 922--923

 []

<figure/unnamed-chunk-4-13.png, id=211, 1129.21875pt x 376.40625pt>
File: figure/unnamed-chunk-4-13.png Graphic file (type png)

<use figure/unnamed-chunk-4-13.png>
Package pdftex.def Info: figure/unnamed-chunk-4-13.png used on input line 927.
(pdftex.def)             Requested size: 451.6875pt x 150.56557pt.

Overfull \hbox (21.68121pt too wide) in paragraph at lines 927--928
[][]
 []


Underfull \hbox (badness 10000) in paragraph at lines 927--928

 []

<figure/unnamed-chunk-4-14.png, id=212, 1129.21875pt x 376.40625pt>
Underfull \vbox (badness 10000) has occurred while \output is active []

 [40 <./figure/unnamed-chunk-4-10.png> <./figure/unnamed-chunk-4-11.png> <./fig
ure/unnamed-chunk-4-12.png>]
File: figure/unnamed-chunk-4-14.png Graphic file (type png)
 <use figure/unnamed-chunk-4-14.png>
Package pdftex.def Info: figure/unnamed-chunk-4-14.png used on input line 932.
(pdftex.def)             Requested size: 451.6875pt x 150.56557pt.

Overfull \hbox (21.68121pt too wide) in paragraph at lines 932--933
[][]
 []


Underfull \hbox (badness 10000) in paragraph at lines 932--933

 []

<figure/unnamed-chunk-4-15.png, id=219, 1129.21875pt x 376.40625pt>
File: figure/unnamed-chunk-4-15.png Graphic file (type png)

<use figure/unnamed-chunk-4-15.png>
Package pdftex.def Info: figure/unnamed-chunk-4-15.png used on input line 937.
(pdftex.def)             Requested size: 451.6875pt x 150.56557pt.

Overfull \hbox (21.68121pt too wide) in paragraph at lines 937--938
[][]
 []


Underfull \hbox (badness 10000) in paragraph at lines 937--938

 []

<figure/unnamed-chunk-4-16.png, id=220, 1129.21875pt x 376.40625pt>
File: figure/unnamed-chunk-4-16.png Graphic file (type png)

<use figure/unnamed-chunk-4-16.png>
Package pdftex.def Info: figure/unnamed-chunk-4-16.png used on input line 942.
(pdftex.def)             Requested size: 451.6875pt x 150.56557pt.

Overfull \hbox (21.68121pt too wide) in paragraph at lines 942--943
[][]
 []


Underfull \hbox (badness 10000) in paragraph at lines 942--943

 []

<figure/unnamed-chunk-4-17.png, id=221, 1129.21875pt x 376.40625pt>
Underfull \vbox (badness 10000) has occurred while \output is active []

 [41 <./figure/unnamed-chunk-4-13.png> <./figure/unnamed-chunk-4-14.png> <./fig
ure/unnamed-chunk-4-15.png>]
File: figure/unnamed-chunk-4-17.png Graphic file (type png)
 <use figure/unnamed-chunk-4-17.png>
Package pdftex.def Info: figure/unnamed-chunk-4-17.png used on input line 947.
(pdftex.def)             Requested size: 451.6875pt x 150.56557pt.

Overfull \hbox (21.68121pt too wide) in paragraph at lines 947--948
[][]
 []


Underfull \hbox (badness 10000) in paragraph at lines 947--948

 []

<figure/unnamed-chunk-4-18.png, id=228, 1129.21875pt x 376.40625pt>
File: figure/unnamed-chunk-4-18.png Graphic file (type png)

<use figure/unnamed-chunk-4-18.png>
Package pdftex.def Info: figure/unnamed-chunk-4-18.png used on input line 952.
(pdftex.def)             Requested size: 451.6875pt x 150.56557pt.

Overfull \hbox (21.68121pt too wide) in paragraph at lines 952--953
[][]
 []


Underfull \hbox (badness 10000) in paragraph at lines 952--953

 []

<figure/unnamed-chunk-4-19.png, id=229, 1129.21875pt x 376.40625pt>
File: figure/unnamed-chunk-4-19.png Graphic file (type png)

<use figure/unnamed-chunk-4-19.png>
Package pdftex.def Info: figure/unnamed-chunk-4-19.png used on input line 957.
(pdftex.def)             Requested size: 451.6875pt x 150.56557pt.

Overfull \hbox (21.68121pt too wide) in paragraph at lines 957--958
[][]
 []


Underfull \hbox (badness 10000) in paragraph at lines 957--958

 []

<figure/unnamed-chunk-4-20.png, id=230, 1129.21875pt x 376.40625pt>
Underfull \vbox (badness 10000) has occurred while \output is active []

 [42 <./figure/unnamed-chunk-4-16.png> <./figure/unnamed-chunk-4-17.png> <./fig
ure/unnamed-chunk-4-18.png>]
File: figure/unnamed-chunk-4-20.png Graphic file (type png)
 <use figure/unnamed-chunk-4-20.png>
Package pdftex.def Info: figure/unnamed-chunk-4-20.png used on input line 962.
(pdftex.def)             Requested size: 451.6875pt x 150.56557pt.

Overfull \hbox (21.68121pt too wide) in paragraph at lines 962--963
[][]
 []


Underfull \hbox (badness 10000) in paragraph at lines 962--963

 []

[43 <./figure/unnamed-chunk-4-19.png> <./figure/unnamed-chunk-4-20.png>]
Package color Info: Redefining color shadecolor on input line 973.

<figure/mult-datasets-fitting-2-1.png, id=243, 903.375pt x 526.96875pt>
File: figure/mult-datasets-fitting-2-1.png Graphic file (type png)

<use figure/mult-datasets-fitting-2-1.png>
Package pdftex.def Info: figure/mult-datasets-fitting-2-1.png used on input lin
e 975.
(pdftex.def)             Requested size: 451.6875pt x 263.49176pt.
 [44

 <./figure/mult-datasets-fitting-2-1.png>]
Package color Info: Redefining color shadecolor on input line 986.
 <figure/unnamed-chunk-5-1.png, id=248, 1129.21875pt x 376.40625pt>
File: figure/unnamed-chunk-5-1.png Graphic file (type png)

<use figure/unnamed-chunk-5-1.png>
Package pdftex.def Info: figure/unnamed-chunk-5-1.png used on input line 988.
(pdftex.def)             Requested size: 451.6875pt x 150.56557pt.

Overfull \hbox (21.68121pt too wide) in paragraph at lines 988--989
[][]
 []


Underfull \hbox (badness 10000) in paragraph at lines 988--989

 []

<figure/unnamed-chunk-5-2.png, id=249, 1129.21875pt x 376.40625pt>
File: figure/unnamed-chunk-5-2.png Graphic file (type png)

<use figure/unnamed-chunk-5-2.png>
Package pdftex.def Info: figure/unnamed-chunk-5-2.png used on input line 993.
(pdftex.def)             Requested size: 451.6875pt x 150.56557pt.

Overfull \hbox (21.68121pt too wide) in paragraph at lines 993--994
[][]
 []


Underfull \hbox (badness 10000) in paragraph at lines 993--994

 []

<figure/unnamed-chunk-5-3.png, id=250, 1129.21875pt x 376.40625pt>
File: figure/unnamed-chunk-5-3.png Graphic file (type png)

<use figure/unnamed-chunk-5-3.png>
Package pdftex.def Info: figure/unnamed-chunk-5-3.png used on input line 998.
(pdftex.def)             Requested size: 451.6875pt x 150.56557pt.

Overfull \hbox (21.68121pt too wide) in paragraph at lines 998--999
[][]
 []


Underfull \hbox (badness 10000) in paragraph at lines 998--999

 []

<figure/unnamed-chunk-5-4.png, id=251, 1129.21875pt x 376.40625pt>
File: figure/unnamed-chunk-5-4.png Graphic file (type png)

<use figure/unnamed-chunk-5-4.png>
Package pdftex.def Info: figure/unnamed-chunk-5-4.png used on input line 1003.
(pdftex.def)             Requested size: 451.6875pt x 150.56557pt.

Overfull \hbox (21.68121pt too wide) in paragraph at lines 1003--1004
[][]
 []


Underfull \hbox (badness 10000) in paragraph at lines 1003--1004

 []

<figure/unnamed-chunk-5-5.png, id=252, 1129.21875pt x 376.40625pt>
Underfull \vbox (badness 10000) has occurred while \output is active []

 [45

 <./figure/unnamed-chunk-5-1.png> <./figure/unnamed-chunk-5-2.png> <./figure/un
named-chunk-5-3.png>]
File: figure/unnamed-chunk-5-5.png Graphic file (type png)
 <use figure/unnamed-chunk-5-5.png>
Package pdftex.def Info: figure/unnamed-chunk-5-5.png used on input line 1008.
(pdftex.def)             Requested size: 451.6875pt x 150.56557pt.

Overfull \hbox (21.68121pt too wide) in paragraph at lines 1008--1009
[][]
 []


Underfull \hbox (badness 10000) in paragraph at lines 1008--1009

 []

<figure/unnamed-chunk-5-6.png, id=259, 1129.21875pt x 376.40625pt>
File: figure/unnamed-chunk-5-6.png Graphic file (type png)

<use figure/unnamed-chunk-5-6.png>
Package pdftex.def Info: figure/unnamed-chunk-5-6.png used on input line 1013.
(pdftex.def)             Requested size: 451.6875pt x 150.56557pt.

Overfull \hbox (21.68121pt too wide) in paragraph at lines 1013--1014
[][]
 []


Underfull \hbox (badness 10000) in paragraph at lines 1013--1014

 []

<figure/unnamed-chunk-5-7.png, id=260, 1129.21875pt x 376.40625pt>
File: figure/unnamed-chunk-5-7.png Graphic file (type png)

<use figure/unnamed-chunk-5-7.png>
Package pdftex.def Info: figure/unnamed-chunk-5-7.png used on input line 1018.
(pdftex.def)             Requested size: 451.6875pt x 150.56557pt.

Overfull \hbox (21.68121pt too wide) in paragraph at lines 1018--1019
[][]
 []


Underfull \hbox (badness 10000) in paragraph at lines 1018--1019

 []

<figure/unnamed-chunk-5-8.png, id=261, 1129.21875pt x 376.40625pt>
Underfull \vbox (badness 10000) has occurred while \output is active []

 [46 <./figure/unnamed-chunk-5-4.png> <./figure/unnamed-chunk-5-5.png> <./figur
e/unnamed-chunk-5-6.png>]
File: figure/unnamed-chunk-5-8.png Graphic file (type png)
 <use figure/unnamed-chunk-5-8.png>
Package pdftex.def Info: figure/unnamed-chunk-5-8.png used on input line 1023.
(pdftex.def)             Requested size: 451.6875pt x 150.56557pt.

Overfull \hbox (21.68121pt too wide) in paragraph at lines 1023--1024
[][]
 []


Underfull \hbox (badness 10000) in paragraph at lines 1023--1024

 []

<figure/unnamed-chunk-5-9.png, id=268, 1129.21875pt x 376.40625pt>
File: figure/unnamed-chunk-5-9.png Graphic file (type png)

<use figure/unnamed-chunk-5-9.png>
Package pdftex.def Info: figure/unnamed-chunk-5-9.png used on input line 1028.
(pdftex.def)             Requested size: 451.6875pt x 150.56557pt.

Overfull \hbox (21.68121pt too wide) in paragraph at lines 1028--1029
[][]
 []


Underfull \hbox (badness 10000) in paragraph at lines 1028--1029

 []

<figure/unnamed-chunk-5-10.png, id=269, 1129.21875pt x 376.40625pt>
File: figure/unnamed-chunk-5-10.png Graphic file (type png)

<use figure/unnamed-chunk-5-10.png>
Package pdftex.def Info: figure/unnamed-chunk-5-10.png used on input line 1033.

(pdftex.def)             Requested size: 451.6875pt x 150.56557pt.

Overfull \hbox (21.68121pt too wide) in paragraph at lines 1033--1034
[][]
 []


Underfull \hbox (badness 10000) in paragraph at lines 1033--1034

 []

<figure/unnamed-chunk-5-11.png, id=270, 1129.21875pt x 376.40625pt>
Underfull \vbox (badness 10000) has occurred while \output is active []

 [47 <./figure/unnamed-chunk-5-7.png> <./figure/unnamed-chunk-5-8.png> <./figur
e/unnamed-chunk-5-9.png>]
File: figure/unnamed-chunk-5-11.png Graphic file (type png)
 <use figure/unnamed-chunk-5-11.png>
Package pdftex.def Info: figure/unnamed-chunk-5-11.png used on input line 1038.

(pdftex.def)             Requested size: 451.6875pt x 150.56557pt.

Overfull \hbox (21.68121pt too wide) in paragraph at lines 1038--1039
[][]
 []


Underfull \hbox (badness 10000) in paragraph at lines 1038--1039

 []

<figure/unnamed-chunk-5-12.png, id=277, 1129.21875pt x 376.40625pt>
File: figure/unnamed-chunk-5-12.png Graphic file (type png)

<use figure/unnamed-chunk-5-12.png>
Package pdftex.def Info: figure/unnamed-chunk-5-12.png used on input line 1043.

(pdftex.def)             Requested size: 451.6875pt x 150.56557pt.

Overfull \hbox (21.68121pt too wide) in paragraph at lines 1043--1044
[][]
 []


Underfull \hbox (badness 10000) in paragraph at lines 1043--1044

 []

<figure/unnamed-chunk-5-13.png, id=278, 1129.21875pt x 376.40625pt>
File: figure/unnamed-chunk-5-13.png Graphic file (type png)

<use figure/unnamed-chunk-5-13.png>
Package pdftex.def Info: figure/unnamed-chunk-5-13.png used on input line 1048.

(pdftex.def)             Requested size: 451.6875pt x 150.56557pt.

Overfull \hbox (21.68121pt too wide) in paragraph at lines 1048--1049
[][]
 []


Underfull \hbox (badness 10000) in paragraph at lines 1048--1049

 []

<figure/unnamed-chunk-5-14.png, id=279, 1129.21875pt x 376.40625pt>
Underfull \vbox (badness 10000) has occurred while \output is active []

 [48 <./figure/unnamed-chunk-5-10.png> <./figure/unnamed-chunk-5-11.png> <./fig
ure/unnamed-chunk-5-12.png>]
File: figure/unnamed-chunk-5-14.png Graphic file (type png)
 <use figure/unnamed-chunk-5-14.png>
Package pdftex.def Info: figure/unnamed-chunk-5-14.png used on input line 1053.

(pdftex.def)             Requested size: 451.6875pt x 150.56557pt.

Overfull \hbox (21.68121pt too wide) in paragraph at lines 1053--1054
[][]
 []


Underfull \hbox (badness 10000) in paragraph at lines 1053--1054

 []

<figure/unnamed-chunk-5-15.png, id=286, 1129.21875pt x 376.40625pt>
File: figure/unnamed-chunk-5-15.png Graphic file (type png)

<use figure/unnamed-chunk-5-15.png>
Package pdftex.def Info: figure/unnamed-chunk-5-15.png used on input line 1058.

(pdftex.def)             Requested size: 451.6875pt x 150.56557pt.

Overfull \hbox (21.68121pt too wide) in paragraph at lines 1058--1059
[][]
 []


Underfull \hbox (badness 10000) in paragraph at lines 1058--1059

 []

<figure/unnamed-chunk-5-16.png, id=287, 1129.21875pt x 376.40625pt>
File: figure/unnamed-chunk-5-16.png Graphic file (type png)

<use figure/unnamed-chunk-5-16.png>
Package pdftex.def Info: figure/unnamed-chunk-5-16.png used on input line 1063.

(pdftex.def)             Requested size: 451.6875pt x 150.56557pt.

Overfull \hbox (21.68121pt too wide) in paragraph at lines 1063--1064
[][]
 []


Underfull \hbox (badness 10000) in paragraph at lines 1063--1064

 []

<figure/unnamed-chunk-5-17.png, id=288, 1129.21875pt x 376.40625pt>
Underfull \vbox (badness 10000) has occurred while \output is active []

 [49 <./figure/unnamed-chunk-5-13.png> <./figure/unnamed-chunk-5-14.png> <./fig
ure/unnamed-chunk-5-15.png>]
File: figure/unnamed-chunk-5-17.png Graphic file (type png)
 <use figure/unnamed-chunk-5-17.png>
Package pdftex.def Info: figure/unnamed-chunk-5-17.png used on input line 1068.

(pdftex.def)             Requested size: 451.6875pt x 150.56557pt.

Overfull \hbox (21.68121pt too wide) in paragraph at lines 1068--1069
[][]
 []


Underfull \hbox (badness 10000) in paragraph at lines 1068--1069

 []

<figure/unnamed-chunk-5-18.png, id=296, 1129.21875pt x 376.40625pt>
File: figure/unnamed-chunk-5-18.png Graphic file (type png)

<use figure/unnamed-chunk-5-18.png>
Package pdftex.def Info: figure/unnamed-chunk-5-18.png used on input line 1073.

(pdftex.def)             Requested size: 451.6875pt x 150.56557pt.

Overfull \hbox (21.68121pt too wide) in paragraph at lines 1073--1074
[][]
 []


Underfull \hbox (badness 10000) in paragraph at lines 1073--1074

 []

<figure/unnamed-chunk-5-19.png, id=297, 1129.21875pt x 376.40625pt>
File: figure/unnamed-chunk-5-19.png Graphic file (type png)

<use figure/unnamed-chunk-5-19.png>
Package pdftex.def Info: figure/unnamed-chunk-5-19.png used on input line 1078.

(pdftex.def)             Requested size: 451.6875pt x 150.56557pt.

Overfull \hbox (21.68121pt too wide) in paragraph at lines 1078--1079
[][]
 []


Underfull \hbox (badness 10000) in paragraph at lines 1078--1079

 []

<figure/unnamed-chunk-5-20.png, id=298, 1129.21875pt x 376.40625pt>
Underfull \vbox (badness 10000) has occurred while \output is active []

 [50 <./figure/unnamed-chunk-5-16.png> <./figure/unnamed-chunk-5-17.png> <./fig
ure/unnamed-chunk-5-18.png>]
File: figure/unnamed-chunk-5-20.png Graphic file (type png)
 <use figure/unnamed-chunk-5-20.png>
Package pdftex.def Info: figure/unnamed-chunk-5-20.png used on input line 1083.

(pdftex.def)             Requested size: 451.6875pt x 150.56557pt.

Overfull \hbox (21.68121pt too wide) in paragraph at lines 1083--1084
[][]
 []


Underfull \hbox (badness 10000) in paragraph at lines 1083--1084

 []

[51 <./figure/unnamed-chunk-5-19.png> <./figure/unnamed-chunk-5-20.png>]
Package color Info: Redefining color shadecolor on input line 1094.

<figure/mult-datasets-relerr-1.png, id=311, 903.375pt x 526.96875pt>
File: figure/mult-datasets-relerr-1.png Graphic file (type png)

<use figure/mult-datasets-relerr-1.png>
Package pdftex.def Info: figure/mult-datasets-relerr-1.png used on input line 1
096.
(pdftex.def)             Requested size: 451.6875pt x 263.49176pt.
Package color Info: Redefining color shadecolor on input line 1108.

<figure/truth-est-corr-1.png, id=312, 903.375pt x 526.96875pt>
File: figure/truth-est-corr-1.png Graphic file (type png)

<use figure/truth-est-corr-1.png>
Package pdftex.def Info: figure/truth-est-corr-1.png used on input line 1110.
(pdftex.def)             Requested size: 451.6875pt x 263.49176pt.
 [52

 <./figure/mult-datasets-relerr-1.png>]
[53 <./figure/truth-est-corr-1.png>]
Package color Info: Redefining color shadecolor on input line 1125.

<figure/unnamed-chunk-6-1.png, id=321, 752.8125pt x 752.8125pt>
File: figure/unnamed-chunk-6-1.png Graphic file (type png)

<use figure/unnamed-chunk-6-1.png>
Package pdftex.def Info: figure/unnamed-chunk-6-1.png used on input line 1127.
(pdftex.def)             Requested size: 271.01524pt x 271.02377pt.

<figure/unnamed-chunk-6-2.png, id=322, 752.8125pt x 752.8125pt>
File: figure/unnamed-chunk-6-2.png Graphic file (type png)

<use figure/unnamed-chunk-6-2.png>
Package pdftex.def Info: figure/unnamed-chunk-6-2.png used on input line 1132.
(pdftex.def)             Requested size: 271.01524pt x 271.02377pt.

<figure/unnamed-chunk-6-3.png, id=323, 752.8125pt x 752.8125pt>
Underfull \vbox (badness 10000) has occurred while \output is active []

 [54

 <./figure/unnamed-chunk-6-1.png>]
File: figure/unnamed-chunk-6-3.png Graphic file (type png)
 <use figure/unnamed-chunk-6-3.png>
Package pdftex.def Info: figure/unnamed-chunk-6-3.png used on input line 1137.
(pdftex.def)             Requested size: 271.01524pt x 271.02377pt.

<figure/unnamed-chunk-6-4.png, id=328, 752.8125pt x 752.8125pt>
File: figure/unnamed-chunk-6-4.png Graphic file (type png)

<use figure/unnamed-chunk-6-4.png>
Package pdftex.def Info: figure/unnamed-chunk-6-4.png used on input line 1142.
(pdftex.def)             Requested size: 271.01524pt x 271.02377pt.

<figure/unnamed-chunk-6-5.png, id=329, 752.8125pt x 752.8125pt>
Underfull \vbox (badness 10000) has occurred while \output is active []

 [55 <./figure/unnamed-chunk-6-2.png> <./figure/unnamed-chunk-6-3.png>]
File: figure/unnamed-chunk-6-5.png Graphic file (type png)

<use figure/unnamed-chunk-6-5.png>
Package pdftex.def Info: figure/unnamed-chunk-6-5.png used on input line 1147.
(pdftex.def)             Requested size: 271.01524pt x 271.02377pt.

<figure/unnamed-chunk-6-6.png, id=336, 752.8125pt x 752.8125pt>
File: figure/unnamed-chunk-6-6.png Graphic file (type png)

<use figure/unnamed-chunk-6-6.png>
Package pdftex.def Info: figure/unnamed-chunk-6-6.png used on input line 1152.
(pdftex.def)             Requested size: 271.01524pt x 271.02377pt.

<figure/unnamed-chunk-6-7.png, id=337, 752.8125pt x 752.8125pt>
Underfull \vbox (badness 10000) has occurred while \output is active []

 [56 <./figure/unnamed-chunk-6-4.png> <./figure/unnamed-chunk-6-5.png>]
File: figure/unnamed-chunk-6-7.png Graphic file (type png)

<use figure/unnamed-chunk-6-7.png>
Package pdftex.def Info: figure/unnamed-chunk-6-7.png used on input line 1157.
(pdftex.def)             Requested size: 271.01524pt x 271.02377pt.

<figure/unnamed-chunk-6-8.png, id=343, 752.8125pt x 752.8125pt>
File: figure/unnamed-chunk-6-8.png Graphic file (type png)

<use figure/unnamed-chunk-6-8.png>
Package pdftex.def Info: figure/unnamed-chunk-6-8.png used on input line 1162.
(pdftex.def)             Requested size: 271.01524pt x 271.02377pt.

<figure/unnamed-chunk-6-9.png, id=344, 752.8125pt x 752.8125pt>
Underfull \vbox (badness 10000) has occurred while \output is active []

 [57 <./figure/unnamed-chunk-6-6.png> <./figure/unnamed-chunk-6-7.png>]
File: figure/unnamed-chunk-6-9.png Graphic file (type png)

<use figure/unnamed-chunk-6-9.png>
Package pdftex.def Info: figure/unnamed-chunk-6-9.png used on input line 1167.
(pdftex.def)             Requested size: 271.01524pt x 271.02377pt.

<figure/unnamed-chunk-6-10.png, id=350, 752.8125pt x 752.8125pt>
File: figure/unnamed-chunk-6-10.png Graphic file (type png)

<use figure/unnamed-chunk-6-10.png>
Package pdftex.def Info: figure/unnamed-chunk-6-10.png used on input line 1172.

(pdftex.def)             Requested size: 271.01524pt x 271.02377pt.

<figure/unnamed-chunk-6-11.png, id=351, 752.8125pt x 752.8125pt>
Underfull \vbox (badness 10000) has occurred while \output is active []

 [58 <./figure/unnamed-chunk-6-8.png> <./figure/unnamed-chunk-6-9.png>]
File: figure/unnamed-chunk-6-11.png Graphic file (type png)

<use figure/unnamed-chunk-6-11.png>
Package pdftex.def Info: figure/unnamed-chunk-6-11.png used on input line 1177.

(pdftex.def)             Requested size: 271.01524pt x 271.02377pt.

<figure/unnamed-chunk-6-12.png, id=357, 752.8125pt x 752.8125pt>
File: figure/unnamed-chunk-6-12.png Graphic file (type png)

<use figure/unnamed-chunk-6-12.png>
Package pdftex.def Info: figure/unnamed-chunk-6-12.png used on input line 1182.

(pdftex.def)             Requested size: 271.01524pt x 271.02377pt.

<figure/unnamed-chunk-6-13.png, id=358, 752.8125pt x 752.8125pt>
Underfull \vbox (badness 10000) has occurred while \output is active []

 [59 <./figure/unnamed-chunk-6-10.png> <./figure/unnamed-chunk-6-11.png>]
File: figure/unnamed-chunk-6-13.png Graphic file (type png)

<use figure/unnamed-chunk-6-13.png>
Package pdftex.def Info: figure/unnamed-chunk-6-13.png used on input line 1187.

(pdftex.def)             Requested size: 271.01524pt x 271.02377pt.

<figure/unnamed-chunk-6-14.png, id=364, 752.8125pt x 752.8125pt>
File: figure/unnamed-chunk-6-14.png Graphic file (type png)

<use figure/unnamed-chunk-6-14.png>
Package pdftex.def Info: figure/unnamed-chunk-6-14.png used on input line 1192.

(pdftex.def)             Requested size: 271.01524pt x 271.02377pt.

<figure/unnamed-chunk-6-15.png, id=365, 752.8125pt x 752.8125pt>
Underfull \vbox (badness 10000) has occurred while \output is active []

 [60 <./figure/unnamed-chunk-6-12.png> <./figure/unnamed-chunk-6-13.png>]
File: figure/unnamed-chunk-6-15.png Graphic file (type png)

<use figure/unnamed-chunk-6-15.png>
Package pdftex.def Info: figure/unnamed-chunk-6-15.png used on input line 1197.

(pdftex.def)             Requested size: 271.01524pt x 271.02377pt.

<figure/unnamed-chunk-6-16.png, id=371, 752.8125pt x 752.8125pt>
File: figure/unnamed-chunk-6-16.png Graphic file (type png)

<use figure/unnamed-chunk-6-16.png>
Package pdftex.def Info: figure/unnamed-chunk-6-16.png used on input line 1202.

(pdftex.def)             Requested size: 271.01524pt x 271.02377pt.

<figure/unnamed-chunk-6-17.png, id=372, 752.8125pt x 752.8125pt>
Underfull \vbox (badness 10000) has occurred while \output is active []

 [61 <./figure/unnamed-chunk-6-14.png> <./figure/unnamed-chunk-6-15.png>]
File: figure/unnamed-chunk-6-17.png Graphic file (type png)

<use figure/unnamed-chunk-6-17.png>
Package pdftex.def Info: figure/unnamed-chunk-6-17.png used on input line 1207.

(pdftex.def)             Requested size: 271.01524pt x 271.02377pt.

<figure/unnamed-chunk-6-18.png, id=379, 752.8125pt x 752.8125pt>
File: figure/unnamed-chunk-6-18.png Graphic file (type png)

<use figure/unnamed-chunk-6-18.png>
Package pdftex.def Info: figure/unnamed-chunk-6-18.png used on input line 1212.

(pdftex.def)             Requested size: 271.01524pt x 271.02377pt.

<figure/unnamed-chunk-6-19.png, id=380, 752.8125pt x 752.8125pt>
Underfull \vbox (badness 10000) has occurred while \output is active []

 [62 <./figure/unnamed-chunk-6-16.png> <./figure/unnamed-chunk-6-17.png>]
File: figure/unnamed-chunk-6-19.png Graphic file (type png)

<use figure/unnamed-chunk-6-19.png>
Package pdftex.def Info: figure/unnamed-chunk-6-19.png used on input line 1217.

(pdftex.def)             Requested size: 271.01524pt x 271.02377pt.

<figure/unnamed-chunk-6-20.png, id=386, 752.8125pt x 752.8125pt>
File: figure/unnamed-chunk-6-20.png Graphic file (type png)

<use figure/unnamed-chunk-6-20.png>
Package pdftex.def Info: figure/unnamed-chunk-6-20.png used on input line 1222.

(pdftex.def)             Requested size: 271.01524pt x 271.02377pt.

Underfull \vbox (badness 10000) has occurred while \output is active []

 [63 <./figure/unnamed-chunk-6-18.png> <./figure/unnamed-chunk-6-19.png>] [64 <
./figure/unnamed-chunk-6-20.png>] [65

] [66

] [67] [68] [69]
(./Notes_D_dent_data_fitting.aux) ) 
Here is how much of TeX's memory you used:
 7045 strings out of 493089
 120962 string characters out of 6134842
 182353 words of memory out of 5000000
 10187 multiletter control sequences out of 15000+600000
 22324 words of font info for 59 fonts, out of 8000000 for 9000
 1302 hyphenation exceptions out of 8191
 44i,21n,42p,1244b,376s stack positions out of 5000i,500n,10000p,200000b,80000s
{/usr/local/texlive/2015/texmf-dist/fonts/en
c/dvips/base/8r.enc}</usr/local/texlive/2015/texmf-dist/fonts/type1/public/amsf
onts/cm/cmex10.pfb></usr/local/texlive/2015/texmf-dist/fonts/type1/public/amsfo
nts/cm/cmmi12.pfb></usr/local/texlive/2015/texmf-dist/fonts/type1/public/amsfon
ts/cm/cmmi6.pfb></usr/local/texlive/2015/texmf-dist/fonts/type1/public/amsfonts
/cm/cmmi8.pfb></usr/local/texlive/2015/texmf-dist/fonts/type1/public/amsfonts/c
m/cmr12.pfb></usr/local/texlive/2015/texmf-dist/fonts/type1/public/amsfonts/cm/
cmr8.pfb></usr/local/texlive/2015/texmf-dist/fonts/type1/public/amsfonts/cm/cms
y10.pfb></usr/local/texlive/2015/texmf-dist/fonts/type1/public/amsfonts/cm/cmsy
8.pfb></usr/local/texlive/2015/texmf-dist/fonts/type1/urw/courier/ucrb8a.pfb></
usr/local/texlive/2015/texmf-dist/fonts/type1/urw/courier/ucrr8a.pfb></usr/loca
l/texlive/2015/texmf-dist/fonts/type1/urw/times/utmb8a.pfb></usr/local/texlive/
2015/texmf-dist/fonts/type1/urw/times/utmr8a.pfb></usr/local/texlive/2015/texmf
-dist/fonts/type1/urw/times/utmri8a.pfb>
Output written on Notes_D_dent_data_fitting.pdf (69 pages, 3755984 bytes).
PDF statistics:
 457 PDF objects out of 1000 (max. 8388607)
 195 compressed objects within 2 object streams
 0 named destinations out of 1000 (max. 500000)
 441 words of extra memory for PDF output out of 10000 (max. 10000000)

